<?xml version="1.0" encoding="UTF-8"?>
<!-- Generated by org.testng.reporters.JUnitXMLReporter -->
<testsuite hostname="LAPTOP-LUGOE8VU" ignored="0" name="Surefire test" tests="3" failures="0" timestamp="26 Feb 2019 08:15:48 GMT" time="39.003" errors="0">
  <testcase name="verifyLoginPageTitleTest" time="0.034" classname="com.qa.hubspot.tests.LoginTest"/>
  <testcase name="verifySignUpLinkTest" time="0.145" classname="com.qa.hubspot.tests.LoginTest"/>
  <testcase name="loginCorrectCredentialsTest" time="2.768" classname="com.qa.hubspot.tests.LoginTest"/>
</testsuite> <!-- Surefire test -->
