<?xml version="1.0" encoding="UTF-8"?>
<!-- Generated by org.testng.reporters.JUnitXMLReporter -->
<testsuite hostname="LAPTOP-LUGOE8VU" ignored="0" name="hub spot Sanity Test" tests="3" failures="0" timestamp="26 Feb 2019 07:13:15 GMT" time="41.777" errors="0">
  <testcase name="verifyLoginPageTitleTest" time="0.079" classname="com.qa.hubspot.tests.LoginTest"/>
  <testcase name="verifySignUpLinkTest" time="0.285" classname="com.qa.hubspot.tests.LoginTest"/>
  <testcase name="loginCorrectCredentialsTest" time="3.298" classname="com.qa.hubspot.tests.LoginTest"/>
</testsuite> <!-- hub spot Sanity Test -->
