<?xml version="1.0" encoding="UTF-8"?>
<testng-results skipped="0" failed="0" ignored="0" total="3" passed="3">
  <reporter-output>
  </reporter-output>
  <suite name="Surefire suite" duration-ms="39003" started-at="2019-02-26T08:15:09Z" finished-at="2019-02-26T08:15:48Z">
    <groups>
    </groups>
    <test name="Surefire test" duration-ms="39003" started-at="2019-02-26T08:15:09Z" finished-at="2019-02-26T08:15:48Z">
      <class name="com.qa.hubspot.tests.LoginTest">
        <test-method status="PASS" signature="setUp()[pri:0, instance:com.qa.hubspot.tests.LoginTest@6aaa5eb0]" name="setUp" is-config="true" duration-ms="14680" started-at="2019-02-26T08:15:09Z" finished-at="2019-02-26T08:15:24Z">
          <reporter-output>
          </reporter-output>
        </test-method> <!-- setUp -->
        <test-method status="PASS" signature="verifyLoginPageTitleTest()[pri:1, instance:com.qa.hubspot.tests.LoginTest@6aaa5eb0]" name="verifyLoginPageTitleTest" duration-ms="34" started-at="2019-02-26T08:15:24Z" finished-at="2019-02-26T08:15:24Z">
          <reporter-output>
          </reporter-output>
        </test-method> <!-- verifyLoginPageTitleTest -->
        <test-method status="PASS" signature="tearDown()[pri:0, instance:com.qa.hubspot.tests.LoginTest@6aaa5eb0]" name="tearDown" is-config="true" duration-ms="974" started-at="2019-02-26T08:15:24Z" finished-at="2019-02-26T08:15:25Z">
          <reporter-output>
          </reporter-output>
        </test-method> <!-- tearDown -->
        <test-method status="PASS" signature="setUp()[pri:0, instance:com.qa.hubspot.tests.LoginTest@6aaa5eb0]" name="setUp" is-config="true" duration-ms="9114" started-at="2019-02-26T08:15:25Z" finished-at="2019-02-26T08:15:34Z">
          <reporter-output>
          </reporter-output>
        </test-method> <!-- setUp -->
        <test-method status="PASS" signature="verifySignUpLinkTest()[pri:2, instance:com.qa.hubspot.tests.LoginTest@6aaa5eb0]" name="verifySignUpLinkTest" duration-ms="145" started-at="2019-02-26T08:15:34Z" finished-at="2019-02-26T08:15:34Z">
          <reporter-output>
          </reporter-output>
        </test-method> <!-- verifySignUpLinkTest -->
        <test-method status="PASS" signature="tearDown()[pri:0, instance:com.qa.hubspot.tests.LoginTest@6aaa5eb0]" name="tearDown" is-config="true" duration-ms="1070" started-at="2019-02-26T08:15:34Z" finished-at="2019-02-26T08:15:35Z">
          <reporter-output>
          </reporter-output>
        </test-method> <!-- tearDown -->
        <test-method status="PASS" signature="setUp()[pri:0, instance:com.qa.hubspot.tests.LoginTest@6aaa5eb0]" name="setUp" is-config="true" duration-ms="9062" started-at="2019-02-26T08:15:35Z" finished-at="2019-02-26T08:15:44Z">
          <reporter-output>
          </reporter-output>
        </test-method> <!-- setUp -->
        <test-method status="PASS" signature="loginCorrectCredentialsTest()[pri:3, instance:com.qa.hubspot.tests.LoginTest@6aaa5eb0]" name="loginCorrectCredentialsTest" duration-ms="2768" started-at="2019-02-26T08:15:44Z" finished-at="2019-02-26T08:15:47Z">
          <reporter-output>
          </reporter-output>
        </test-method> <!-- loginCorrectCredentialsTest -->
        <test-method status="PASS" signature="tearDown()[pri:0, instance:com.qa.hubspot.tests.LoginTest@6aaa5eb0]" name="tearDown" is-config="true" duration-ms="1068" started-at="2019-02-26T08:15:47Z" finished-at="2019-02-26T08:15:48Z">
          <reporter-output>
          </reporter-output>
        </test-method> <!-- tearDown -->
      </class> <!-- com.qa.hubspot.tests.LoginTest -->
    </test> <!-- Surefire test -->
  </suite> <!-- Surefire suite -->
</testng-results>
