<?xml version="1.0" encoding="UTF-8"?>
<testsuite xmlns:xsi="http://www.w3.org/2001/XMLSchema-instance" xsi:schemaLocation="https://maven.apache.org/surefire/maven-surefire-plugin/xsd/surefire-test-report.xsd" name="com.qa.hubspot.tests.LoginTest" time="40.494" tests="3" errors="0" skipped="0" failures="0">
  <properties>
[...]
</properties>
  <testcase name="verifyLoginPageTitleTest" classname="com.qa.hubspot.tests.LoginTest" time="0.036"/>
  <testcase name="verifySignUpLinkTest" classname="com.qa.hubspot.tests.LoginTest" time="0.146"/>
  <testcase name="loginCorrectCredentialsTest" classname="com.qa.hubspot.tests.LoginTest" time="2.77"/>
</testsuite>