<?xml version="1.0" encoding="UTF-8"?>
<testng-results skipped="0" failed="0" ignored="0" total="3" passed="3">
  <reporter-output>
  </reporter-output>
  <suite name="Hub Spot Application Sanity Test Suite" duration-ms="41777" started-at="2019-02-26T07:12:33Z" finished-at="2019-02-26T07:13:15Z">
    <groups>
    </groups>
    <test name="hub spot Sanity Test" duration-ms="41777" started-at="2019-02-26T07:12:33Z" finished-at="2019-02-26T07:13:15Z">
      <class name="com.qa.hubspot.tests.LoginTest">
        <test-method status="PASS" signature="setUp()[pri:0, instance:com.qa.hubspot.tests.LoginTest@42d80b78]" name="setUp" is-config="true" duration-ms="14315" started-at="2019-02-26T07:12:33Z" finished-at="2019-02-26T07:12:47Z">
          <reporter-output>
          </reporter-output>
        </test-method> <!-- setUp -->
        <test-method status="PASS" signature="verifyLoginPageTitleTest()[pri:1, instance:com.qa.hubspot.tests.LoginTest@42d80b78]" name="verifyLoginPageTitleTest" duration-ms="79" started-at="2019-02-26T07:12:47Z" finished-at="2019-02-26T07:12:47Z">
          <reporter-output>
          </reporter-output>
        </test-method> <!-- verifyLoginPageTitleTest -->
        <test-method status="PASS" signature="tearDown()[pri:0, instance:com.qa.hubspot.tests.LoginTest@42d80b78]" name="tearDown" is-config="true" duration-ms="1298" started-at="2019-02-26T07:12:47Z" finished-at="2019-02-26T07:12:49Z">
          <reporter-output>
          </reporter-output>
        </test-method> <!-- tearDown -->
        <test-method status="PASS" signature="setUp()[pri:0, instance:com.qa.hubspot.tests.LoginTest@42d80b78]" name="setUp" is-config="true" duration-ms="10822" started-at="2019-02-26T07:12:49Z" finished-at="2019-02-26T07:12:59Z">
          <reporter-output>
          </reporter-output>
        </test-method> <!-- setUp -->
        <test-method status="PASS" signature="verifySignUpLinkTest()[pri:2, instance:com.qa.hubspot.tests.LoginTest@42d80b78]" name="verifySignUpLinkTest" duration-ms="285" started-at="2019-02-26T07:12:59Z" finished-at="2019-02-26T07:13:00Z">
          <reporter-output>
          </reporter-output>
        </test-method> <!-- verifySignUpLinkTest -->
        <test-method status="PASS" signature="tearDown()[pri:0, instance:com.qa.hubspot.tests.LoginTest@42d80b78]" name="tearDown" is-config="true" duration-ms="1123" started-at="2019-02-26T07:13:00Z" finished-at="2019-02-26T07:13:01Z">
          <reporter-output>
          </reporter-output>
        </test-method> <!-- tearDown -->
        <test-method status="PASS" signature="setUp()[pri:0, instance:com.qa.hubspot.tests.LoginTest@42d80b78]" name="setUp" is-config="true" duration-ms="9340" started-at="2019-02-26T07:13:01Z" finished-at="2019-02-26T07:13:10Z">
          <reporter-output>
          </reporter-output>
        </test-method> <!-- setUp -->
        <test-method status="PASS" signature="loginCorrectCredentialsTest()[pri:3, instance:com.qa.hubspot.tests.LoginTest@42d80b78]" name="loginCorrectCredentialsTest" duration-ms="3298" started-at="2019-02-26T07:13:10Z" finished-at="2019-02-26T07:13:14Z">
          <reporter-output>
          </reporter-output>
        </test-method> <!-- loginCorrectCredentialsTest -->
        <test-method status="PASS" signature="tearDown()[pri:0, instance:com.qa.hubspot.tests.LoginTest@42d80b78]" name="tearDown" is-config="true" duration-ms="1064" started-at="2019-02-26T07:13:14Z" finished-at="2019-02-26T07:13:15Z">
          <reporter-output>
          </reporter-output>
        </test-method> <!-- tearDown -->
      </class> <!-- com.qa.hubspot.tests.LoginTest -->
    </test> <!-- hub spot Sanity Test -->
  </suite> <!-- Hub Spot Application Sanity Test Suite -->
</testng-results>
